<?xml version="1.0" encoding="UTF-8"?>
<!-- Generated by org.testng.reporters.JUnitReportReporter -->
<testsuite hostname="ip-172-31-20-11" name="jenkinsDemo.AppTest" tests="1" failures="0" timestamp="5 Oct 2021 02:38:25 GMT" time="0.009" errors="0">
  <testcase name="testApp" time="0.009" classname="jenkinsDemo.AppTest"/>
</testsuite> <!-- jenkinsDemo.AppTest -->
